<?xml version="1.0" encoding="UTF-8"?>
<testng-results ignored="0" total="11" passed="11" failed="0" skipped="0">
  <reporter-output>
  </reporter-output>
  <suite started-at="2025-12-19T17:37:39 IST" name="Default suite" finished-at="2025-12-19T17:37:46 IST" duration-ms="6796">
    <groups>
    </groups>
    <test started-at="2025-12-19T17:37:39 IST" name="Default test" finished-at="2025-12-19T17:37:46 IST" duration-ms="6796">
      <class name="tests.footerTests">
        <test-method is-config="true" signature="setup()[pri:0, instance:tests.footerTests@4b2bac3f]" started-at="2025-12-19T17:37:39 IST" name="setup" finished-at="2025-12-19T17:37:42 IST" duration-ms="2056" status="PASS">
          <reporter-output>
          </reporter-output>
        </test-method> <!-- setup -->
        <test-method signature="verifyTheFooterFAQSectionDetails()[pri:1, instance:tests.footerTests@4b2bac3f]" started-at="2025-12-19T17:37:42 IST" name="verifyTheFooterFAQSectionDetails" finished-at="2025-12-19T17:37:43 IST" duration-ms="1308" status="PASS">
          <reporter-output>
          </reporter-output>
        </test-method> <!-- verifyTheFooterFAQSectionDetails -->
        <test-method signature="verifyTheFooterTermsAndCondtionSectionDetails()[pri:2, instance:tests.footerTests@4b2bac3f]" started-at="2025-12-19T17:37:43 IST" name="verifyTheFooterTermsAndCondtionSectionDetails" finished-at="2025-12-19T17:37:43 IST" duration-ms="322" status="PASS">
          <reporter-output>
          </reporter-output>
        </test-method> <!-- verifyTheFooterTermsAndCondtionSectionDetails -->
        <test-method signature="verifyTheFooterExchangePolicySectionDetails()[pri:3, instance:tests.footerTests@4b2bac3f]" started-at="2025-12-19T17:37:43 IST" name="verifyTheFooterExchangePolicySectionDetails" finished-at="2025-12-19T17:37:43 IST" duration-ms="229" status="PASS">
          <reporter-output>
          </reporter-output>
        </test-method> <!-- verifyTheFooterExchangePolicySectionDetails -->
        <test-method signature="verifyTheFooterReturnPolicySectionDetails()[pri:4, instance:tests.footerTests@4b2bac3f]" started-at="2025-12-19T17:37:43 IST" name="verifyTheFooterReturnPolicySectionDetails" finished-at="2025-12-19T17:37:44 IST" duration-ms="213" status="PASS">
          <reporter-output>
          </reporter-output>
        </test-method> <!-- verifyTheFooterReturnPolicySectionDetails -->
        <test-method signature="verifyTheFooterDeliverySectionDetails()[pri:5, instance:tests.footerTests@4b2bac3f]" started-at="2025-12-19T17:37:44 IST" name="verifyTheFooterDeliverySectionDetails" finished-at="2025-12-19T17:37:44 IST" duration-ms="218" status="PASS">
          <reporter-output>
          </reporter-output>
        </test-method> <!-- verifyTheFooterDeliverySectionDetails -->
        <test-method signature="verifyTheFooterSecurePaymentSectionDetails()[pri:6, instance:tests.footerTests@4b2bac3f]" started-at="2025-12-19T17:37:44 IST" name="verifyTheFooterSecurePaymentSectionDetails" finished-at="2025-12-19T17:37:44 IST" duration-ms="269" status="PASS">
          <reporter-output>
          </reporter-output>
        </test-method> <!-- verifyTheFooterSecurePaymentSectionDetails -->
        <test-method signature="verifyTheFooterAboutUsSectionDetails()[pri:7, instance:tests.footerTests@4b2bac3f]" started-at="2025-12-19T17:37:44 IST" name="verifyTheFooterAboutUsSectionDetails" finished-at="2025-12-19T17:37:44 IST" duration-ms="195" status="PASS">
          <reporter-output>
          </reporter-output>
        </test-method> <!-- verifyTheFooterAboutUsSectionDetails -->
        <test-method signature="verifyTheFooterOurStoresSectionDetails()[pri:9, instance:tests.footerTests@4b2bac3f]" started-at="2025-12-19T17:37:44 IST" name="verifyTheFooterOurStoresSectionDetails" finished-at="2025-12-19T17:37:45 IST" duration-ms="252" status="PASS">
          <reporter-output>
          </reporter-output>
        </test-method> <!-- verifyTheFooterOurStoresSectionDetails -->
        <test-method signature="verifyTheFooterOrderTrackingSectionDetails()[pri:10, instance:tests.footerTests@4b2bac3f]" started-at="2025-12-19T17:37:45 IST" name="verifyTheFooterOrderTrackingSectionDetails" finished-at="2025-12-19T17:37:45 IST" duration-ms="322" status="PASS">
          <reporter-output>
          </reporter-output>
        </test-method> <!-- verifyTheFooterOrderTrackingSectionDetails -->
        <test-method signature="verifyTheFooterSignInSectionDetails()[pri:11, instance:tests.footerTests@4b2bac3f]" started-at="2025-12-19T17:37:45 IST" name="verifyTheFooterSignInSectionDetails" finished-at="2025-12-19T17:37:45 IST" duration-ms="455" status="PASS">
          <reporter-output>
          </reporter-output>
        </test-method> <!-- verifyTheFooterSignInSectionDetails -->
        <test-method signature="verifyTheFooterCreateAccountSectionDetails()[pri:12, instance:tests.footerTests@4b2bac3f]" started-at="2025-12-19T17:37:45 IST" name="verifyTheFooterCreateAccountSectionDetails" finished-at="2025-12-19T17:37:46 IST" duration-ms="371" status="PASS">
          <reporter-output>
          </reporter-output>
        </test-method> <!-- verifyTheFooterCreateAccountSectionDetails -->
      </class> <!-- tests.footerTests -->
    </test> <!-- Default test -->
  </suite> <!-- Default suite -->
</testng-results>
