<?xml version="1.0" encoding="UTF-8"?>
<testng-results ignored="0" total="4" passed="4" failed="0" skipped="0">
  <reporter-output>
  </reporter-output>
  <suite started-at="2025-12-26T10:08:34 IST" name="Default suite" finished-at="2025-12-26T10:08:40 IST" duration-ms="6948">
    <groups>
    </groups>
    <test started-at="2025-12-26T10:08:34 IST" name="Default test" finished-at="2025-12-26T10:08:40 IST" duration-ms="6948">
      <class name="tests.headerTests">
        <test-method is-config="true" signature="setup()[pri:0, instance:tests.headerTests@198b6731]" started-at="2025-12-26T10:08:34 IST" name="setup" finished-at="2025-12-26T10:08:36 IST" duration-ms="1841" status="PASS">
          <reporter-output>
          </reporter-output>
        </test-method> <!-- setup -->
        <test-method signature="verifyTheSignInFunctionality()[pri:2, instance:tests.headerTests@198b6731]" started-at="2025-12-26T10:08:36 IST" name="verifyTheSignInFunctionality" finished-at="2025-12-26T10:08:38 IST" duration-ms="2154" status="PASS">
          <reporter-output>
          </reporter-output>
        </test-method> <!-- verifyTheSignInFunctionality -->
        <test-method signature="verifyTheAddToCartFunctionWithNoProduct()[pri:5, instance:tests.headerTests@198b6731]" started-at="2025-12-26T10:08:38 IST" name="verifyTheAddToCartFunctionWithNoProduct" finished-at="2025-12-26T10:08:39 IST" duration-ms="1333" status="PASS">
          <reporter-output>
          </reporter-output>
        </test-method> <!-- verifyTheAddToCartFunctionWithNoProduct -->
        <test-method signature="verifyTheAddToCartFunctionWithProductAdded()[pri:6, instance:tests.headerTests@198b6731]" started-at="2025-12-26T10:08:39 IST" name="verifyTheAddToCartFunctionWithProductAdded" finished-at="2025-12-26T10:08:40 IST" duration-ms="959" status="PASS">
          <reporter-output>
          </reporter-output>
        </test-method> <!-- verifyTheAddToCartFunctionWithProductAdded -->
        <test-method signature="verifyTheClearCartFunction()[pri:7, instance:tests.headerTests@198b6731]" started-at="2025-12-26T10:08:40 IST" name="verifyTheClearCartFunction" finished-at="2025-12-26T10:08:40 IST" duration-ms="338" status="PASS">
          <reporter-output>
          </reporter-output>
        </test-method> <!-- verifyTheClearCartFunction -->
      </class> <!-- tests.headerTests -->
    </test> <!-- Default test -->
  </suite> <!-- Default suite -->
</testng-results>
