<?xml version="1.0" encoding="UTF-8"?>
<!-- Generated by org.testng.reporters.JUnitReportReporter -->
<testsuite hostname="docme-HP-280-G1-MT-Business-PC" failures="0" tests="11" name="tests.footerTests" time="4.154" errors="0" timestamp="2025-12-19T17:37:46 IST" skipped="0">
  <testcase classname="tests.footerTests" name="verifyTheFooterFAQSectionDetails" time="1.308"/>
  <testcase classname="tests.footerTests" name="verifyTheFooterTermsAndCondtionSectionDetails" time="0.322"/>
  <testcase classname="tests.footerTests" name="verifyTheFooterExchangePolicySectionDetails" time="0.229"/>
  <testcase classname="tests.footerTests" name="verifyTheFooterReturnPolicySectionDetails" time="0.213"/>
  <testcase classname="tests.footerTests" name="verifyTheFooterDeliverySectionDetails" time="0.218"/>
  <testcase classname="tests.footerTests" name="verifyTheFooterSecurePaymentSectionDetails" time="0.269"/>
  <testcase classname="tests.footerTests" name="verifyTheFooterAboutUsSectionDetails" time="0.195"/>
  <testcase classname="tests.footerTests" name="verifyTheFooterOurStoresSectionDetails" time="0.252"/>
  <testcase classname="tests.footerTests" name="verifyTheFooterOrderTrackingSectionDetails" time="0.322"/>
  <testcase classname="tests.footerTests" name="verifyTheFooterSignInSectionDetails" time="0.455"/>
  <testcase classname="tests.footerTests" name="verifyTheFooterCreateAccountSectionDetails" time="0.371"/>
</testsuite> <!-- tests.footerTests -->
