<?xml version="1.0" encoding="UTF-8"?>
<!-- Generated by org.testng.reporters.JUnitReportReporter -->
<testsuite hostname="docme-HP-280-G1-MT-Business-PC" failures="0" tests="4" name="tests.headerTests" time="5.282" errors="0" timestamp="2025-12-22T15:40:10 IST" skipped="0">
  <testcase classname="tests.headerTests" name="verifyTheSignInFunctionality" time="2.274"/>
  <testcase classname="tests.headerTests" name="verifyTheAddToCartFunctionWithNoProduct" time="1.311"/>
  <testcase classname="tests.headerTests" name="verifyTheAddToCartFunctionWithProductAdded" time="1.354"/>
  <testcase classname="tests.headerTests" name="verifyTheClearCartFunction" time="0.343"/>
</testsuite> <!-- tests.headerTests -->
