<?xml version="1.0" encoding="UTF-8"?>
<!-- Generated by org.testng.reporters.JUnitReportReporter -->
<testsuite hostname="docme-HP-280-G1-MT-Business-PC" failures="0" tests="4" name="tests.headerTests" time="4.784" errors="0" timestamp="2025-12-26T10:08:41 IST" skipped="0">
  <testcase classname="tests.headerTests" name="verifyTheSignInFunctionality" time="2.154"/>
  <testcase classname="tests.headerTests" name="verifyTheAddToCartFunctionWithNoProduct" time="1.333"/>
  <testcase classname="tests.headerTests" name="verifyTheAddToCartFunctionWithProductAdded" time="0.959"/>
  <testcase classname="tests.headerTests" name="verifyTheClearCartFunction" time="0.338"/>
</testsuite> <!-- tests.headerTests -->
