<?xml version="1.0" encoding="UTF-8"?>
<!-- Generated by org.testng.reporters.JUnitReportReporter -->
<testsuite hostname="docme-HP-280-G1-MT-Business-PC" failures="0" tests="3" name="tests.loginTest" time="6.849" errors="0" timestamp="2025-12-19T17:35:26 IST" skipped="0">
  <testcase classname="tests.loginTest" name="verifyLaunch" time="0.064"/>
  <testcase classname="tests.loginTest" name="verifyTheSignUpFunctionality" time="1.981"/>
  <testcase classname="tests.loginTest" name="verifyTheSignInFunctionality" time="4.804"/>
</testsuite> <!-- tests.loginTest -->
